#
# A fatal error has been detected by the Java Runtime Environment:
#
#  EXCEPTION_ACCESS_VIOLATION (0xc0000005) at pc=0x00007ffc35c50522, pid=7836, tid=7992
#
# JRE version: OpenJDK Runtime Environment (15.0.1+9) (build 15.0.1+9-18)
# Java VM: OpenJDK 64-Bit Server VM (15.0.1+9-18, mixed mode, tiered, compressed oops, g1 gc, windows-amd64)
# Problematic frame:
# V  [jvm.dll+0x200522]
#
# No core dump will be written. Minidumps are not enabled by default on client versions of Windows
#
# If you would like to submit a bug report, please visit:
#   https://bugreport.java.com/bugreport/crash.jsp
#

---------------  S U M M A R Y ------------

Command Line: -Dcom.sun.management.jmxremote -Dcom.sun.management.jmxremote.port=49796 -Dcom.sun.management.jmxremote.authenticate=false -Dcom.sun.management.jmxremote.ssl=false -Djava.rmi.server.hostname=localhost -Dspring.jmx.enabled=true -Dspring.application.admin.enabled=true -XX:TieredStopAtLevel=1 -Dspring.boot.project.name=angularwithspring -Dfile.encoding=UTF-8 -XX:+ShowCodeDetailsInExceptionMessages Angular.demo.AngularApplication --spring.output.ansi.enabled=always

Host: Intel(R) Core(TM) i5-8265U CPU @ 1.60GHz, 8 cores, 7G,  Windows 10 , 64 bit Build 19041 (10.0.19041.928)
Time: Wed Jun 16 21:35:17 2021 India Standard Time elapsed time: 9255.581943 seconds (0d 2h 34m 15s)

---------------  T H R E A D  ---------------

Current thread (0x0000022e4cdd4be0):  GCTaskThread "GC Thread#2" [stack: 0x0000008047900000,0x0000008047a00000] [id=7992]

Stack: [0x0000008047900000,0x0000008047a00000],  sp=0x00000080479ff5b0,  free space=1021k
Native frames: (J=compiled Java code, j=interpreted, Vv=VM code, C=native code)
V  [jvm.dll+0x200522]
V  [jvm.dll+0x201757]
V  [jvm.dll+0x602248]
V  [jvm.dll+0x6359b6]
V  [jvm.dll+0x2d224b]
V  [jvm.dll+0x7adba0]
V  [jvm.dll+0x73d65a]
V  [jvm.dll+0x629c56]
C  [ucrtbase.dll+0x21bb2]
C  [KERNEL32.DLL+0x17034]
C  [ntdll.dll+0x52651]


siginfo: EXCEPTION_ACCESS_VIOLATION (0xc0000005), reading address 0xffffffffffffffff


Register to memory mapping:

RIP=0x00007ffc35c50522 jvm.dll
RAX=0x0001000000000000 is an unknown value
RBX=0x0001000000000000 is an unknown value
RCX=0x0 is NULL
RDX=0x0 is NULL
RSP=0x00000080479ff5b0 points into unknown readable memory: 0x0000000000000000 | 00 00 00 00 00 00 00 00
RBP=0x00000080479ff659 points into unknown readable memory: f5 9f 47 80 00 00 00
RSI=0x0000000000000001 is an unknown value
RDI=0x0 is NULL
R8 =0x0000000000000048 is an unknown value
R9 =0x0000000000000001 is an unknown value
R10=0x00007ffc35a50000 jvm.dll
R11=0x00000080479ff510 points into unknown readable memory: 0x0000022e4cd28900 | 00 89 d2 4c 2e 02 00 00
R12=0x0 is NULL
R13=0x0000022e4d159d20 points into unknown readable memory: 0x0000000000000002 | 02 00 00 00 00 00 00 00
R14=0x0000022e359a5e90 is at entry_point+-1040 in (nmethod*)0x0000022e359a5e90
R15=0x0000022e4cd28900 points into unknown readable memory: 0x0000022e4cf425b0 | b0 25 f4 4c 2e 02 00 00


Registers:
RAX=0x0001000000000000, RBX=0x0001000000000000, RCX=0x0000000000000000, RDX=0x0000000000000000
RSP=0x00000080479ff5b0, RBP=0x00000080479ff659, RSI=0x0000000000000001, RDI=0x0000000000000000
R8 =0x0000000000000048, R9 =0x0000000000000001, R10=0x00007ffc35a50000, R11=0x00000080479ff510
R12=0x0000000000000000, R13=0x0000022e4d159d20, R14=0x0000022e359a5e90, R15=0x0000022e4cd28900
RIP=0x00007ffc35c50522, EFLAGS=0x0000000000010206

Top of Stack: (sp=0x00000080479ff5b0)
0x00000080479ff5b0:   0000000000000000 00000080479ff659
0x00000080479ff5c0:   0000000000000001 0000000000000000
0x00000080479ff5d0:   0000022e4cd28910 0000022e4cd28ce8
0x00000080479ff5e0:   0000000000000000 0000022e359a61a4
0x00000080479ff5f0:   0000022e359a6288 0000022e359a5e90
0x00000080479ff600:   0000022e359a74d5 0000022e359a5b90
0x00000080479ff610:   0000022e359a61a0 00007ffc36150000
0x00000080479ff620:   0000022e359a62a0 0000022e359a62a0
0x00000080479ff630:   0000022e359a73c0 0000022e359a62a0
0x00000080479ff640:   0000022e359a73c0 0000022e359a7658
0x00000080479ff650:   00007ffc36298e30 00000080479ff5e0
0x00000080479ff660:   00007ffc0000000c 0000000000000000
0x00000080479ff670:   0000022e00000000 0000000000000000
0x00000080479ff680:   0000022e4cd28900 00000000000003d8
0x00000080479ff690:   0000022e359a5e90 0000000000000001
0x00000080479ff6a0:   0000022e4cd28910 0000022e4cd28ce8 

Instructions: (pc=0x00007ffc35c50522)
0x00007ffc35c50422:   7d 07 48 8d 4d 87 e8 93 b7 47 00 45 32 ff 48 8d
0x00007ffc35c50432:   1d f9 89 64 00 b9 00 f0 00 00 0f 1f 40 00 48 8b
0x00007ffc35c50442:   45 8f 48 83 c0 02 48 89 45 8f 48 3b 45 97 0f 84
0x00007ffc35c50452:   51 03 00 00 66 89 7d bf 0f b7 00 66 23 c1 66 3b
0x00007ffc35c50462:   c1 75 09 48 8d 4d 87 e8 72 b1 47 00 48 8b 45 8f
0x00007ffc35c50472:   0f b7 10 48 8b 45 87 81 e2 ff 03 00 00 48 03 55
0x00007ffc35c50482:   a7 48 89 55 a7 48 85 c0 74 09 48 3b d0 0f 83 12
0x00007ffc35c50492:   03 00 00 48 8b 45 8f 0f b7 08 c1 e9 0c 83 e9 02
0x00007ffc35c504a2:   0f 84 ba 01 00 00 83 e9 01 0f 84 75 01 00 00 83
0x00007ffc35c504b2:   e9 01 0f 84 c5 00 00 00 83 e9 01 0f 84 b4 00 00
0x00007ffc35c504c2:   00 83 f9 07 b9 00 f0 00 00 0f 85 6f ff ff ff 45
0x00007ffc35c504d2:   84 ff 0f 84 66 ff ff ff 49 8b 06 49 8b ce 45 32
0x00007ffc35c504e2:   ff ff 90 20 02 00 00 84 c0 0f 85 2e 01 00 00 48
0x00007ffc35c504f2:   8d 45 87 c7 45 07 0c 00 00 00 48 8d 4d f7 48 89
0x00007ffc35c50502:   45 ff 48 89 5d f7 e8 83 cb 47 00 48 8d 4d f7 e8
0x00007ffc35c50512:   aa b8 47 00 48 8b d8 48 85 c0 0f 84 fd 00 00 00
0x00007ffc35c50522:   48 8b 10 48 8b c8 ff 52 10 84 c0 0f 84 ec 00 00
0x00007ffc35c50532:   00 48 8b 43 08 48 8b 48 08 48 8b 49 18 48 8b 89
0x00007ffc35c50542:   98 00 00 00 e8 45 87 fc ff 84 c0 0f 85 cc 00 00
0x00007ffc35c50552:   00 48 8d 4d f7 e8 44 b8 47 00 48 89 38 83 7d 0f
0x00007ffc35c50562:   00 0f 84 b6 00 00 00 48 8d 4d f7 e8 ae b4 47 00
0x00007ffc35c50572:   e9 b9 fe ff ff 41 b7 01 e9 b8 fe ff ff 49 8b 1e
0x00007ffc35c50582:   48 8d 4d 87 e8 a5 bf 47 00 48 8b d0 49 8b ce ff
0x00007ffc35c50592:   93 08 02 00 00 48 8b c8 48 8b f0 48 8b 10 ff 12
0x00007ffc35c505a2:   48 8b c8 e8 f6 68 fd ff 48 8b f8 48 85 c0 74 69
0x00007ffc35c505b2:   48 8b 10 48 8b c8 ff 52 60 33 db 84 c0 48 0f 45
0x00007ffc35c505c2:   df 48 85 db 74 53 45 84 e4 75 2d 48 8b 03 48 8b
0x00007ffc35c505d2:   cb ff 90 c0 00 00 00 84 c0 74 1d 48 8b 03 48 8b
0x00007ffc35c505e2:   cb ff 90 20 02 00 00 84 c0 75 0d 48 8b 43 78 48
0x00007ffc35c505f2:   8b 40 40 48 3b c3 74 21 49 8b 06 49 8b ce ff 90
0x00007ffc35c50602:   20 02 00 00 84 c0 48 8b ce 0f 94 c2 e8 fd eb ff
0x00007ffc35c50612:   ff 84 c0 0f 84 88 01 00 00 0f b6 75 6f 33 ff e9 


Stack slot to memory mapping:
stack at sp + 0 slots: 0x0 is NULL
stack at sp + 1 slots: 0x00000080479ff659 points into unknown readable memory: f5 9f 47 80 00 00 00
stack at sp + 2 slots: 0x0000000000000001 is an unknown value
stack at sp + 3 slots: 0x0 is NULL
stack at sp + 4 slots: 0x0000022e4cd28910 points into unknown readable memory: 0x0000022e4cd28930 | 30 89 d2 4c 2e 02 00 00
stack at sp + 5 slots: 0x0000022e4cd28ce8 points into unknown readable memory: 0x8800014e12ea76dc | dc 76 ea 12 4e 01 00 88
stack at sp + 6 slots: 0x0 is NULL
stack at sp + 7 slots: 0x0000022e359a61a4 is at entry_point+-252 in (nmethod*)0x0000022e359a5e90


---------------  P R O C E S S  ---------------

Threads class SMR info:
_java_thread_list=0x0000022e4eaebdf0, length=38, elements={
0x0000022e4bd1a830, 0x0000022e4bd1dc80, 0x0000022e4c56a530, 0x0000022e4c56adf0,
0x0000022e4c56d7c0, 0x0000022e4c55a680, 0x0000022e4c55fe60, 0x0000022e4bc98ae0,
0x0000022e4c72abf0, 0x0000022e4cd62010, 0x0000022e4cd3a9e0, 0x0000022e4cd9d440,
0x0000022e4cebb450, 0x0000022e4d152460, 0x0000022e4d1c01b0, 0x0000022e4dcd2c20,
0x0000022e4dcd4900, 0x0000022e4dcd3a90, 0x0000022e4dcd1410, 0x0000022e4ec1c0a0,
0x0000022e4ec1ad60, 0x0000022e4ec1a3c0, 0x0000022e4ec19a20, 0x0000022e4ec1b700,
0x0000022e4ec1ca40, 0x0000022e4ec19550, 0x0000022e4ec19ef0, 0x0000022e4ec16ed0,
0x0000022e4ec1b230, 0x0000022e4ec1bbd0, 0x0000022e4ec1cf10, 0x0000022e4ec16530,
0x0000022e4ec17870, 0x0000022e4ec1d3e0, 0x0000022e4ec1d8b0, 0x0000022e4ec16060,
0x0000022e4ec18bb0, 0x0000022e4ec17d40
}

Java Threads: ( => current thread )
  0x0000022e4bd1a830 JavaThread "Reference Handler" daemon [_thread_blocked, id=9784, stack(0x0000008046700000,0x0000008046800000)]
  0x0000022e4bd1dc80 JavaThread "Finalizer" daemon [_thread_blocked, id=13780, stack(0x0000008046800000,0x0000008046900000)]
  0x0000022e4c56a530 JavaThread "Signal Dispatcher" daemon [_thread_blocked, id=13784, stack(0x0000008046900000,0x0000008046a00000)]
  0x0000022e4c56adf0 JavaThread "Attach Listener" daemon [_thread_blocked, id=1092, stack(0x0000008046a00000,0x0000008046b00000)]
  0x0000022e4c56d7c0 JavaThread "Service Thread" daemon [_thread_blocked, id=9884, stack(0x0000008046b00000,0x0000008046c00000)]
  0x0000022e4c55a680 JavaThread "C1 CompilerThread0" daemon [_thread_blocked, id=11788, stack(0x0000008046c00000,0x0000008046d00000)]
  0x0000022e4c55fe60 JavaThread "Sweeper thread" daemon [_thread_blocked, id=11988, stack(0x0000008046d00000,0x0000008046e00000)]
  0x0000022e4bc98ae0 JavaThread "Common-Cleaner" daemon [_thread_blocked, id=11812, stack(0x0000008046e00000,0x0000008046f00000)]
  0x0000022e4c72abf0 JavaThread "Notification Thread" daemon [_thread_blocked, id=9868, stack(0x0000008046f00000,0x0000008047000000)]
  0x0000022e4cd62010 JavaThread "RMI TCP Accept-0" daemon [_thread_in_native, id=1096, stack(0x0000008047000000,0x0000008047100000)]
  0x0000022e4cd3a9e0 JavaThread "RMI TCP Accept-49796" daemon [_thread_in_native, id=11964, stack(0x0000008047100000,0x0000008047200000)]
  0x0000022e4cd9d440 JavaThread "RMI TCP Accept-0" daemon [_thread_in_native, id=9876, stack(0x0000008047200000,0x0000008047300000)]
  0x0000022e4cebb450 JavaThread "RMI Scheduler(0)" daemon [_thread_blocked, id=11080, stack(0x0000008047500000,0x0000008047600000)]
  0x0000022e4d152460 JavaThread "RMI TCP Connection(113)-127.0.0.1" daemon [_thread_in_native, id=10996, stack(0x0000008047600000,0x0000008047700000)]
  0x0000022e4d1c01b0 JavaThread "JMX server connection timeout 22" daemon [_thread_blocked, id=4224, stack(0x0000008047700000,0x0000008047800000)]
  0x0000022e4dcd2c20 JavaThread "Catalina-utility-1" [_thread_blocked, id=13848, stack(0x0000008047f00000,0x0000008048000000)]
  0x0000022e4dcd4900 JavaThread "Catalina-utility-2" [_thread_blocked, id=13072, stack(0x0000008048600000,0x0000008048700000)]
  0x0000022e4dcd3a90 JavaThread "container-0" [_thread_blocked, id=12060, stack(0x0000008048700000,0x0000008048800000)]
  0x0000022e4dcd1410 JavaThread "mysql-cj-abandoned-connection-cleanup" daemon [_thread_blocked, id=13936, stack(0x0000008048800000,0x0000008048900000)]
  0x0000022e4ec1c0a0 JavaThread "HikariPool-1 housekeeper" daemon [_thread_blocked, id=3692, stack(0x0000008048a00000,0x0000008048b00000)]
  0x0000022e4ec1ad60 JavaThread "File Watcher" daemon [_thread_blocked, id=4800, stack(0x0000008048c00000,0x0000008048d00000)]
  0x0000022e4ec1a3c0 JavaThread "Live Reload Server" daemon [_thread_in_native, id=6128, stack(0x0000008048e00000,0x0000008048f00000)]
  0x0000022e4ec19a20 JavaThread "http-nio-3030-BlockPoller" daemon [_thread_in_native, id=12572, stack(0x0000008048d00000,0x0000008048e00000)]
  0x0000022e4ec1b700 JavaThread "http-nio-3030-exec-1" daemon [_thread_blocked, id=14068, stack(0x0000008048f00000,0x0000008049000000)]
  0x0000022e4ec1ca40 JavaThread "http-nio-3030-exec-2" daemon [_thread_blocked, id=11060, stack(0x0000008049000000,0x0000008049100000)]
  0x0000022e4ec19550 JavaThread "http-nio-3030-exec-3" daemon [_thread_blocked, id=10772, stack(0x0000008049100000,0x0000008049200000)]
  0x0000022e4ec19ef0 JavaThread "http-nio-3030-exec-4" daemon [_thread_blocked, id=14056, stack(0x0000008049200000,0x0000008049300000)]
  0x0000022e4ec16ed0 JavaThread "http-nio-3030-exec-5" daemon [_thread_blocked, id=3448, stack(0x0000008049300000,0x0000008049400000)]
  0x0000022e4ec1b230 JavaThread "http-nio-3030-exec-6" daemon [_thread_blocked, id=11408, stack(0x0000008049400000,0x0000008049500000)]
  0x0000022e4ec1bbd0 JavaThread "http-nio-3030-exec-7" daemon [_thread_blocked, id=5088, stack(0x0000008049500000,0x0000008049600000)]
  0x0000022e4ec1cf10 JavaThread "http-nio-3030-exec-8" daemon [_thread_blocked, id=13104, stack(0x0000008049600000,0x0000008049700000)]
  0x0000022e4ec16530 JavaThread "http-nio-3030-exec-9" daemon [_thread_blocked, id=14064, stack(0x0000008049700000,0x0000008049800000)]
  0x0000022e4ec17870 JavaThread "http-nio-3030-exec-10" daemon [_thread_blocked, id=2560, stack(0x0000008049800000,0x0000008049900000)]
  0x0000022e4ec1d3e0 JavaThread "http-nio-3030-ClientPoller" daemon [_thread_in_native, id=12532, stack(0x0000008049900000,0x0000008049a00000)]
  0x0000022e4ec1d8b0 JavaThread "http-nio-3030-Acceptor" daemon [_thread_in_native, id=2928, stack(0x0000008049a00000,0x0000008049b00000)]
  0x0000022e4ec16060 JavaThread "DestroyJavaVM" [_thread_blocked, id=7880, stack(0x0000008046000000,0x0000008046100000)]
  0x0000022e4ec18bb0 JavaThread "HikariPool-1 connection closer" daemon [_thread_blocked, id=15056, stack(0x0000008045d00000,0x0000008045e00000)]
  0x0000022e4ec17d40 JavaThread "HikariPool-1 connection adder" daemon [_thread_blocked, id=15060, stack(0x0000008045e00000,0x0000008045f00000)]

Other Threads:
  0x0000022e4bcca930 VMThread "VM Thread" [stack: 0x0000008046600000,0x0000008046700000] [id=8848]
  0x0000022e2fa9e3c0 WatcherThread [stack: 0x0000008047300000,0x0000008047400000] [id=1248]
  0x0000022e2fadc6e0 GCTaskThread "GC Thread#0" [stack: 0x0000008046100000,0x0000008046200000] [id=8052]
  0x0000022e4cdd38c0 GCTaskThread "GC Thread#1" [stack: 0x0000008047800000,0x0000008047900000] [id=4220]
=>0x0000022e4cdd4be0 GCTaskThread "GC Thread#2" [stack: 0x0000008047900000,0x0000008047a00000] [id=7992]
  0x0000022e4cdd5240 GCTaskThread "GC Thread#3" [stack: 0x0000008048000000,0x0000008048100000] [id=2252]
  0x0000022e4cdd5570 GCTaskThread "GC Thread#4" [stack: 0x0000008048100000,0x0000008048200000] [id=2336]
  0x0000022e4cdd28d0 GCTaskThread "GC Thread#5" [stack: 0x0000008048200000,0x0000008048300000] [id=3500]
  0x0000022e4cdd2c00 GCTaskThread "GC Thread#6" [stack: 0x0000008048300000,0x0000008048400000] [id=3444]
  0x0000022e4cdd58a0 GCTaskThread "GC Thread#7" [stack: 0x0000008048400000,0x0000008048500000] [id=3332]
  0x0000022e2faedb60 ConcurrentGCThread "G1 Main Marker" [stack: 0x0000008046200000,0x0000008046300000] [id=11996]
  0x0000022e2faee660 ConcurrentGCThread "G1 Conc#0" [stack: 0x0000008046300000,0x0000008046400000] [id=11980]
  0x0000022e4cdd2270 ConcurrentGCThread "G1 Conc#1" [stack: 0x0000008048500000,0x0000008048600000] [id=8160]
  0x0000022e4bb30090 ConcurrentGCThread "G1 Refine#0" [stack: 0x0000008046400000,0x0000008046500000] [id=8984]
  0x0000022e4d1fdd40 ConcurrentGCThread "G1 Refine#1" [stack: 0x0000008047a00000,0x0000008047b00000] [id=4104]
  0x0000022e4c7425f0 ConcurrentGCThread "G1 Refine#2" [stack: 0x0000008047b00000,0x0000008047c00000] [id=13804]
  0x0000022e4d210010 ConcurrentGCThread "G1 Refine#3" [stack: 0x0000008047c00000,0x0000008047d00000] [id=8972]
  0x0000022e4e98eb10 ConcurrentGCThread "G1 Refine#4" [stack: 0x0000008047400000,0x0000008047500000] [id=15072]
  0x0000022e4e98ee70 ConcurrentGCThread "G1 Refine#5" [stack: 0x0000008047d00000,0x0000008047e00000] [id=15076]
  0x0000022e4e98fbf0 ConcurrentGCThread "G1 Refine#6" [stack: 0x0000008047e00000,0x0000008047f00000] [id=15080]
  0x0000022e4bb30ba0 ConcurrentGCThread "G1 Young RemSet Sampling" [stack: 0x0000008046500000,0x0000008046600000] [id=8900]

Threads with active compile tasks:

VM state: at safepoint (normal execution)

VM Mutex/Monitor currently owned by a thread:  ([mutex/lock_event])
[0x0000022e2fa986c0] Threads_lock - owner thread: 0x0000022e4bcca930
[0x0000022e2fa99950] Heap_lock - owner thread: 0x0000022e2faedb60

Heap address: 0x0000000081c00000, size: 2020 MB, Compressed Oops mode: 32-bit
CDS disabled.
Compressed class space mapped at: 0x0000000100000000-0x0000000140000000, size: 1073741824
Narrow klass base: 0x0000000000000000, Narrow klass shift: 3, Narrow klass range: 0x140000000

GC Precious Log:
 CPUs: 8 total, 8 available
 Memory: 8078M
 Large Page Support: Disabled
 NUMA Support: Disabled
 Compressed Oops: Enabled (32-bit)
 Heap Region Size: 1M
 Heap Min Capacity: 8M
 Heap Initial Capacity: 128M
 Heap Max Capacity: 2020M
 Pre-touch: Disabled
 Parallel Workers: 8
 Concurrent Workers: 2
 Concurrent Refinement Workers: 8
 Periodic GC: Disabled

Heap:
 garbage-first heap   total 77824K, used 40051K [0x0000000081c00000, 0x0000000100000000)
  region size 1024K, 4 young (4096K), 3 survivors (3072K)
 Metaspace       used 67184K, capacity 67802K, committed 68172K, reserved 1107968K
  class space    used 8696K, capacity 8924K, committed 9036K, reserved 1048576K

Heap Regions: E=young(eden), S=young(survivor), O=old, HS=humongous(starts), HC=humongous(continues), CS=collection set, F=free, OA=open archive, CA=closed archive, TAMS=top-at-mark-start (previous, next)
|   0|0x0000000081c00000, 0x0000000081d00000, 0x0000000081d00000|100%|HS|  |TAMS 0x0000000081d00000, 0x0000000081d00000| Complete 
|   1|0x0000000081d00000, 0x0000000081e00000, 0x0000000081e00000|100%| O|  |TAMS 0x0000000081e00000, 0x0000000081e00000| Untracked 
|   2|0x0000000081e00000, 0x0000000081f00000, 0x0000000081f00000|100%| O|  |TAMS 0x0000000081f00000, 0x0000000081f00000| Untracked 
|   3|0x0000000081f00000, 0x0000000082000000, 0x0000000082000000|100%| O|  |TAMS 0x0000000082000000, 0x0000000082000000| Untracked 
|   4|0x0000000082000000, 0x0000000082100000, 0x0000000082100000|100%| O|  |TAMS 0x0000000082100000, 0x0000000082100000| Untracked 
|   5|0x0000000082100000, 0x0000000082200000, 0x0000000082200000|100%| O|  |TAMS 0x0000000082200000, 0x0000000082200000| Untracked 
|   6|0x0000000082200000, 0x0000000082300000, 0x0000000082300000|100%| O|  |TAMS 0x0000000082300000, 0x0000000082300000| Untracked 
|   7|0x0000000082300000, 0x0000000082300000, 0x0000000082400000|  0%| F|  |TAMS 0x0000000082300000, 0x0000000082300000| Untracked 
|   8|0x0000000082400000, 0x0000000082400000, 0x0000000082500000|  0%| F|  |TAMS 0x0000000082400000, 0x0000000082400000| Untracked 
|   9|0x0000000082500000, 0x0000000082600000, 0x0000000082600000|100%| O|  |TAMS 0x0000000082600000, 0x0000000082600000| Untracked 
|  10|0x0000000082600000, 0x0000000082700000, 0x0000000082700000|100%| O|  |TAMS 0x0000000082700000, 0x0000000082700000| Untracked 
|  11|0x0000000082700000, 0x0000000082800000, 0x0000000082800000|100%| O|  |TAMS 0x0000000082800000, 0x0000000082800000| Untracked 
|  12|0x0000000082800000, 0x0000000082900000, 0x0000000082900000|100%| O|  |TAMS 0x0000000082900000, 0x0000000082900000| Untracked 
|  13|0x0000000082900000, 0x0000000082900000, 0x0000000082a00000|  0%| F|  |TAMS 0x0000000082900000, 0x0000000082900000| Untracked 
|  14|0x0000000082a00000, 0x0000000082a00000, 0x0000000082b00000|  0%| F|  |TAMS 0x0000000082a00000, 0x0000000082a00000| Untracked 
|  15|0x0000000082b00000, 0x0000000082c00000, 0x0000000082c00000|100%| O|  |TAMS 0x0000000082c00000, 0x0000000082c00000| Untracked 
|  16|0x0000000082c00000, 0x0000000082d00000, 0x0000000082d00000|100%| O|  |TAMS 0x0000000082d00000, 0x0000000082d00000| Untracked 
|  17|0x0000000082d00000, 0x0000000082e00000, 0x0000000082e00000|100%| O|  |TAMS 0x0000000082e00000, 0x0000000082e00000| Untracked 
|  18|0x0000000082e00000, 0x0000000082f00000, 0x0000000082f00000|100%| O|  |TAMS 0x0000000082f00000, 0x0000000082f00000| Untracked 
|  19|0x0000000082f00000, 0x0000000083000000, 0x0000000083000000|100%| O|  |TAMS 0x0000000083000000, 0x0000000083000000| Untracked 
|  20|0x0000000083000000, 0x0000000083100000, 0x0000000083100000|100%| O|  |TAMS 0x0000000083100000, 0x0000000083100000| Untracked 
|  21|0x0000000083100000, 0x0000000083200000, 0x0000000083200000|100%| O|  |TAMS 0x0000000083200000, 0x0000000083200000| Untracked 
|  22|0x0000000083200000, 0x0000000083300000, 0x0000000083300000|100%| O|  |TAMS 0x0000000083300000, 0x0000000083300000| Untracked 
|  23|0x0000000083300000, 0x0000000083400000, 0x0000000083400000|100%| O|  |TAMS 0x0000000083400000, 0x0000000083400000| Untracked 
|  24|0x0000000083400000, 0x0000000083400000, 0x0000000083500000|  0%| F|  |TAMS 0x0000000083400000, 0x0000000083400000| Untracked 
|  25|0x0000000083500000, 0x0000000083600000, 0x0000000083600000|100%| O|  |TAMS 0x0000000083600000, 0x0000000083600000| Untracked 
|  26|0x0000000083600000, 0x0000000083600000, 0x0000000083700000|  0%| F|  |TAMS 0x0000000083600000, 0x0000000083600000| Untracked 
|  27|0x0000000083700000, 0x0000000083700000, 0x0000000083800000|  0%| F|  |TAMS 0x0000000083700000, 0x0000000083700000| Untracked 
|  28|0x0000000083800000, 0x0000000083900000, 0x0000000083900000|100%| O|  |TAMS 0x0000000083900000, 0x0000000083900000| Untracked 
|  29|0x0000000083900000, 0x0000000083900000, 0x0000000083a00000|  0%| F|  |TAMS 0x0000000083900000, 0x0000000083900000| Untracked 
|  30|0x0000000083a00000, 0x0000000083b00000, 0x0000000083b00000|100%| O|  |TAMS 0x0000000083b00000, 0x0000000083b00000| Untracked 
|  31|0x0000000083b00000, 0x0000000083c00000, 0x0000000083c00000|100%| O|  |TAMS 0x0000000083c00000, 0x0000000083c00000| Untracked 
|  32|0x0000000083c00000, 0x0000000083d00000, 0x0000000083d00000|100%| O|  |TAMS 0x0000000083d00000, 0x0000000083d00000| Untracked 
|  33|0x0000000083d00000, 0x0000000083e00000, 0x0000000083e00000|100%| O|  |TAMS 0x0000000083e00000, 0x0000000083e00000| Untracked 
|  34|0x0000000083e00000, 0x0000000083f00000, 0x0000000083f00000|100%| O|  |TAMS 0x0000000083f00000, 0x0000000083f00000| Untracked 
|  35|0x0000000083f00000, 0x0000000084000000, 0x0000000084000000|100%| O|  |TAMS 0x0000000083fad800, 0x0000000084000000| Untracked 
|  36|0x0000000084000000, 0x0000000084100000, 0x0000000084100000|100%| O|  |TAMS 0x0000000084000000, 0x0000000084100000| Untracked 
|  37|0x0000000084100000, 0x0000000084200000, 0x0000000084200000|100%| O|  |TAMS 0x0000000084100000, 0x0000000084200000| Untracked 
|  38|0x0000000084200000, 0x0000000084300000, 0x0000000084300000|100%| O|  |TAMS 0x0000000084200000, 0x0000000084300000| Untracked 
|  39|0x0000000084300000, 0x0000000084400000, 0x0000000084400000|100%| O|  |TAMS 0x0000000084300000, 0x0000000084400000| Untracked 
|  40|0x0000000084400000, 0x0000000084500000, 0x0000000084500000|100%| O|  |TAMS 0x0000000084400000, 0x0000000084500000| Untracked 
|  41|0x0000000084500000, 0x0000000084600000, 0x0000000084600000|100%| O|  |TAMS 0x0000000084500000, 0x0000000084600000| Untracked 
|  42|0x0000000084600000, 0x0000000084700000, 0x0000000084700000|100%| O|  |TAMS 0x0000000084600000, 0x0000000084700000| Untracked 
|  43|0x0000000084700000, 0x0000000084800000, 0x0000000084800000|100%| O|  |TAMS 0x0000000084700000, 0x0000000084800000| Untracked 
|  44|0x0000000084800000, 0x00000000848d9600, 0x0000000084900000| 84%| O|  |TAMS 0x0000000084800000, 0x00000000848d9600| Untracked 
|  45|0x0000000084900000, 0x0000000084900000, 0x0000000084a00000|  0%| F|  |TAMS 0x0000000084900000, 0x0000000084900000| Untracked 
|  46|0x0000000084a00000, 0x0000000084a00000, 0x0000000084b00000|  0%| F|  |TAMS 0x0000000084a00000, 0x0000000084a00000| Untracked 
|  47|0x0000000084b00000, 0x0000000084b437e8, 0x0000000084c00000| 26%| S|CS|TAMS 0x0000000084b00000, 0x0000000084b00000| Complete 
|  48|0x0000000084c00000, 0x0000000084d00000, 0x0000000084d00000|100%| S|CS|TAMS 0x0000000084c00000, 0x0000000084c00000| Complete 
|  49|0x0000000084d00000, 0x0000000084e00000, 0x0000000084e00000|100%| S|CS|TAMS 0x0000000084d00000, 0x0000000084d00000| Complete 
|  50|0x0000000084e00000, 0x0000000084e00000, 0x0000000084f00000|  0%| F|  |TAMS 0x0000000084e00000, 0x0000000084e00000| Untracked 
|  51|0x0000000084f00000, 0x0000000084f00000, 0x0000000085000000|  0%| F|  |TAMS 0x0000000084f00000, 0x0000000084f00000| Untracked 
|  52|0x0000000085000000, 0x0000000085000000, 0x0000000085100000|  0%| F|  |TAMS 0x0000000085000000, 0x0000000085000000| Untracked 
|  53|0x0000000085100000, 0x0000000085100000, 0x0000000085200000|  0%| F|  |TAMS 0x0000000085100000, 0x0000000085100000| Untracked 
|  54|0x0000000085200000, 0x0000000085200000, 0x0000000085300000|  0%| F|  |TAMS 0x0000000085200000, 0x0000000085200000| Untracked 
|  55|0x0000000085300000, 0x0000000085300000, 0x0000000085400000|  0%| F|  |TAMS 0x0000000085300000, 0x0000000085300000| Untracked 
|  56|0x0000000085400000, 0x0000000085400000, 0x0000000085500000|  0%| F|  |TAMS 0x0000000085400000, 0x0000000085400000| Untracked 
|  57|0x0000000085500000, 0x0000000085500000, 0x0000000085600000|  0%| F|  |TAMS 0x0000000085500000, 0x0000000085500000| Untracked 
|  58|0x0000000085600000, 0x0000000085600000, 0x0000000085700000|  0%| F|  |TAMS 0x0000000085600000, 0x0000000085600000| Untracked 
|  59|0x0000000085700000, 0x0000000085700000, 0x0000000085800000|  0%| F|  |TAMS 0x0000000085700000, 0x0000000085700000| Untracked 
|  60|0x0000000085800000, 0x0000000085800000, 0x0000000085900000|  0%| F|  |TAMS 0x0000000085800000, 0x0000000085800000| Untracked 
|  61|0x0000000085900000, 0x0000000085900000, 0x0000000085a00000|  0%| F|  |TAMS 0x0000000085900000, 0x0000000085900000| Untracked 
|  62|0x0000000085a00000, 0x0000000085a00000, 0x0000000085b00000|  0%| F|  |TAMS 0x0000000085a00000, 0x0000000085a00000| Untracked 
|  63|0x0000000085b00000, 0x0000000085b00000, 0x0000000085c00000|  0%| F|  |TAMS 0x0000000085b00000, 0x0000000085b00000| Untracked 
|  64|0x0000000085c00000, 0x0000000085c00000, 0x0000000085d00000|  0%| F|  |TAMS 0x0000000085c00000, 0x0000000085c00000| Untracked 
|  65|0x0000000085d00000, 0x0000000085d00000, 0x0000000085e00000|  0%| F|  |TAMS 0x0000000085d00000, 0x0000000085d00000| Untracked 
|  66|0x0000000085e00000, 0x0000000085e00000, 0x0000000085f00000|  0%| F|  |TAMS 0x0000000085e00000, 0x0000000085e00000| Untracked 
|  67|0x0000000085f00000, 0x0000000085f00000, 0x0000000086000000|  0%| F|  |TAMS 0x0000000085f00000, 0x0000000085f00000| Untracked 
|  68|0x0000000086000000, 0x0000000086000000, 0x0000000086100000|  0%| F|  |TAMS 0x0000000086000000, 0x0000000086000000| Untracked 
|  69|0x0000000086100000, 0x0000000086100000, 0x0000000086200000|  0%| F|  |TAMS 0x0000000086100000, 0x0000000086100000| Untracked 
|  70|0x0000000086200000, 0x0000000086200000, 0x0000000086300000|  0%| F|  |TAMS 0x0000000086200000, 0x0000000086200000| Untracked 
|  71|0x0000000086300000, 0x0000000086300000, 0x0000000086400000|  0%| F|  |TAMS 0x0000000086300000, 0x0000000086300000| Untracked 
|  90|0x0000000087600000, 0x0000000087600000, 0x0000000087700000|  0%| F|  |TAMS 0x0000000087600000, 0x0000000087600000| Untracked 
|  91|0x0000000087700000, 0x0000000087700000, 0x0000000087800000|  0%| F|  |TAMS 0x0000000087700000, 0x0000000087700000| Untracked 
| 126|0x0000000089a00000, 0x0000000089a00000, 0x0000000089b00000|  0%| F|  |TAMS 0x0000000089a00000, 0x0000000089a00000| Untracked 
| 127|0x0000000089b00000, 0x0000000089b9a2a8, 0x0000000089c00000| 60%| E|  |TAMS 0x0000000089b00000, 0x0000000089b00000| Complete 

Card table byte_map: [0x0000022e44af0000,0x0000022e44ef0000] _byte_map_base: 0x0000022e446e2000

Marking Bits (Prev, Next): (CMBitMap*) 0x0000022e2fadcde0, (CMBitMap*) 0x0000022e2fadce20
 Prev Bits: [0x0000022e452f0000, 0x0000022e47280000)
 Next Bits: [0x0000022e47280000, 0x0000022e49210000)

Polling page: 0x0000022e2fb70000

Metaspace:

Usage:
  Non-class:     57.50 MB capacity,    57.12 MB (>99%) used,   308.20 KB ( <1%) free+waste,    81.38 KB ( <1%) overhead. 
      Class:      8.71 MB capacity,     8.49 MB ( 97%) used,   196.86 KB (  2%) free+waste,    31.00 KB ( <1%) overhead. 
       Both:     66.21 MB capacity,    65.61 MB (>99%) used,   505.05 KB ( <1%) free+waste,   112.38 KB ( <1%) overhead. 

Virtual space:
  Non-class space:       58.00 MB reserved,      57.75 MB (>99%) committed 
      Class space:        1.00 GB reserved,       8.82 MB ( <1%) committed 
             Both:        1.06 GB reserved,      66.57 MB (  6%) committed 

Chunk freelists:
   Non-Class:  258.00 KB
       Class:  100.00 KB
        Both:  358.00 KB

MaxMetaspaceSize: 17179869184.00 GB
CompressedClassSpaceSize: 1.00 GB

CodeHeap 'non-profiled nmethods': size=238336Kb used=10070Kb max_used=10070Kb free=228265Kb
 bounds [0x0000022e353c0000, 0x0000022e35da0000, 0x0000022e43c80000]
CodeHeap 'non-nmethods': size=7424Kb used=1320Kb max_used=1320Kb free=6103Kb
 bounds [0x0000022e34c80000, 0x0000022e34ef0000, 0x0000022e353c0000]
 total_blobs=7180 nmethods=6556 adapters=551
 compilation: enabled
              stopped_count=0, restarted_count=0
 full_count=0

Compilation events (20 events):
Event: 9255.451 Thread 0x0000022e4c55a680 6547   !   1       com.mysql.cj.jdbc.ConnectionImpl::setNetworkTimeout (90 bytes)
Event: 9255.452 Thread 0x0000022e4c55a680 nmethod 6547 0x0000022e35d91210 code [0x0000022e35d91420, 0x0000022e35d91908]
Event: 9255.452 Thread 0x0000022e4c55a680 6548       1       com.mysql.cj.jdbc.ConnectionImpl$NetworkTimeoutSetter::<init> (22 bytes)
Event: 9255.452 Thread 0x0000022e4c55a680 nmethod 6548 0x0000022e35d91d90 code [0x0000022e35d91f20, 0x0000022e35d92158]
Event: 9255.452 Thread 0x0000022e4c55a680 6549   !   1       com.zaxxer.hikari.pool.PoolBase$SynchronousExecutor::execute (25 bytes)
Event: 9255.453 Thread 0x0000022e4c55a680 nmethod 6549 0x0000022e35d92210 code [0x0000022e35d923e0, 0x0000022e35d925c8]
Event: 9255.453 Thread 0x0000022e4c55a680 6550   !   1       com.mysql.cj.jdbc.ConnectionImpl$NetworkTimeoutSetter::run (51 bytes)
Event: 9255.453 Thread 0x0000022e4c55a680 nmethod 6550 0x0000022e35d92710 code [0x0000022e35d92900, 0x0000022e35d92d08]
Event: 9255.453 Thread 0x0000022e4c55a680 6551       1       com.mysql.cj.NativeSession::setSocketTimeout (33 bytes)
Event: 9255.454 Thread 0x0000022e4c55a680 nmethod 6551 0x0000022e35d93110 code [0x0000022e35d932e0, 0x0000022e35d93588]
Event: 9255.454 Thread 0x0000022e4c55a680 6552       1       com.mysql.cj.conf.IntegerProperty::checkRange (11 bytes)
Event: 9255.454 Thread 0x0000022e4c55a680 nmethod 6552 0x0000022e35d93790 code [0x0000022e35d93920, 0x0000022e35d93a28]
Event: 9255.454 Thread 0x0000022e4c55a680 6553       1       com.mysql.cj.conf.IntegerProperty::checkRange (132 bytes)
Event: 9255.455 Thread 0x0000022e4c55a680 nmethod 6553 0x0000022e35d93b10 code [0x0000022e35d93da0, 0x0000022e35d944b8]
Event: 9255.465 Thread 0x0000022e4c55a680 6554       1       java.math.BigInteger::add (215 bytes)
Event: 9255.465 Thread 0x0000022e4c55a680 nmethod 6554 0x0000022e35d94990 code [0x0000022e35d94b60, 0x0000022e35d95068]
Event: 9255.469 Thread 0x0000022e4c55a680 6555       1       java.lang.Throwable::getMessage (5 bytes)
Event: 9255.469 Thread 0x0000022e4c55a680 nmethod 6555 0x0000022e35d95310 code [0x0000022e35d954a0, 0x0000022e35d95558]
Event: 9255.476 Thread 0x0000022e4c55a680 6556       1       com.zaxxer.hikari.pool.PoolBase::setNetworkTimeout (21 bytes)
Event: 9255.476 Thread 0x0000022e4c55a680 nmethod 6556 0x0000022e35d95610 code [0x0000022e35d957a0, 0x0000022e35d958a8]

GC Heap History (20 events):
Event: 1778.988 GC heap before
{Heap before GC invocations=21 (full 0):
 garbage-first heap   total 77824K, used 61165K [0x0000000081c00000, 0x0000000100000000)
  region size 1024K, 34 young (34816K), 2 survivors (2048K)
 Metaspace       used 67344K, capacity 68062K, committed 68172K, reserved 1107968K
  class space    used 8727K, capacity 8964K, committed 9036K, reserved 1048576K
}
Event: 1778.993 GC heap after
{Heap after GC invocations=22 (full 0):
 garbage-first heap   total 77824K, used 30739K [0x0000000081c00000, 0x0000000100000000)
  region size 1024K, 4 young (4096K), 4 survivors (4096K)
 Metaspace       used 67344K, capacity 68062K, committed 68172K, reserved 1107968K
  class space    used 8727K, capacity 8964K, committed 9036K, reserved 1048576K
}
Event: 2455.747 GC heap before
{Heap before GC invocations=22 (full 0):
 garbage-first heap   total 77824K, used 60435K [0x0000000081c00000, 0x0000000100000000)
  region size 1024K, 34 young (34816K), 4 survivors (4096K)
 Metaspace       used 67348K, capacity 68068K, committed 68172K, reserved 1107968K
  class space    used 8728K, capacity 8965K, committed 9036K, reserved 1048576K
}
Event: 2455.751 GC heap after
{Heap after GC invocations=23 (full 0):
 garbage-first heap   total 77824K, used 32631K [0x0000000081c00000, 0x0000000100000000)
  region size 1024K, 4 young (4096K), 4 survivors (4096K)
 Metaspace       used 67348K, capacity 68068K, committed 68172K, reserved 1107968K
  class space    used 8728K, capacity 8965K, committed 9036K, reserved 1048576K
}
Event: 3547.543 GC heap before
{Heap before GC invocations=23 (full 0):
 garbage-first heap   total 77824K, used 61303K [0x0000000081c00000, 0x0000000100000000)
  region size 1024K, 32 young (32768K), 4 survivors (4096K)
 Metaspace       used 67348K, capacity 68068K, committed 68172K, reserved 1107968K
  class space    used 8728K, capacity 8965K, committed 9036K, reserved 1048576K
}
Event: 3547.547 GC heap after
{Heap after GC invocations=24 (full 0):
 garbage-first heap   total 77824K, used 33565K [0x0000000081c00000, 0x0000000100000000)
  region size 1024K, 3 young (3072K), 3 survivors (3072K)
 Metaspace       used 67348K, capacity 68068K, committed 68172K, reserved 1107968K
  class space    used 8728K, capacity 8965K, committed 9036K, reserved 1048576K
}
Event: 3574.866 GC heap before
{Heap before GC invocations=24 (full 0):
 garbage-first heap   total 77824K, used 60189K [0x0000000081c00000, 0x0000000100000000)
  region size 1024K, 30 young (30720K), 3 survivors (3072K)
 Metaspace       used 67349K, capacity 68068K, committed 68172K, reserved 1107968K
  class space    used 8728K, capacity 8965K, committed 9036K, reserved 1048576K
}
Event: 3574.868 GC heap after
{Heap after GC invocations=25 (full 0):
 garbage-first heap   total 77824K, used 35519K [0x0000000081c00000, 0x0000000100000000)
  region size 1024K, 3 young (3072K), 3 survivors (3072K)
 Metaspace       used 67349K, capacity 68068K, committed 68172K, reserved 1107968K
  class space    used 8728K, capacity 8965K, committed 9036K, reserved 1048576K
}
Event: 5281.326 GC heap before
{Heap before GC invocations=25 (full 0):
 garbage-first heap   total 77824K, used 61119K [0x0000000081c00000, 0x0000000100000000)
  region size 1024K, 29 young (29696K), 3 survivors (3072K)
 Metaspace       used 67369K, capacity 68100K, committed 68172K, reserved 1107968K
  class space    used 8731K, capacity 8997K, committed 9036K, reserved 1048576K
}
Event: 5281.332 GC heap after
{Heap after GC invocations=26 (full 0):
 garbage-first heap   total 77824K, used 35949K [0x0000000081c00000, 0x0000000100000000)
  region size 1024K, 3 young (3072K), 3 survivors (3072K)
 Metaspace       used 67369K, capacity 68100K, committed 68172K, reserved 1107968K
  class space    used 8731K, capacity 8997K, committed 9036K, reserved 1048576K
}
Event: 5344.557 GC heap before
{Heap before GC invocations=26 (full 0):
 garbage-first heap   total 77824K, used 61549K [0x0000000081c00000, 0x0000000100000000)
  region size 1024K, 29 young (29696K), 3 survivors (3072K)
 Metaspace       used 67369K, capacity 68100K, committed 68172K, reserved 1107968K
  class space    used 8731K, capacity 8997K, committed 9036K, reserved 1048576K
}
Event: 5344.560 GC heap after
{Heap after GC invocations=27 (full 0):
 garbage-first heap   total 77824K, used 37998K [0x0000000081c00000, 0x0000000100000000)
  region size 1024K, 3 young (3072K), 3 survivors (3072K)
 Metaspace       used 67369K, capacity 68100K, committed 68172K, reserved 1107968K
  class space    used 8731K, capacity 8997K, committed 9036K, reserved 1048576K
}
Event: 5966.739 GC heap before
{Heap before GC invocations=27 (full 0):
 garbage-first heap   total 77824K, used 62574K [0x0000000081c00000, 0x0000000100000000)
  region size 1024K, 27 young (27648K), 3 survivors (3072K)
 Metaspace       used 67377K, capacity 68100K, committed 68172K, reserved 1107968K
  class space    used 8733K, capacity 8997K, committed 9036K, reserved 1048576K
}
Event: 5966.746 GC heap after
{Heap after GC invocations=28 (full 0):
 garbage-first heap   total 77824K, used 39241K [0x0000000081c00000, 0x0000000100000000)
  region size 1024K, 4 young (4096K), 4 survivors (4096K)
 Metaspace       used 67377K, capacity 68100K, committed 68172K, reserved 1107968K
  class space    used 8733K, capacity 8997K, committed 9036K, reserved 1048576K
}
Event: 9255.317 GC heap before
{Heap before GC invocations=29 (full 0):
 garbage-first heap   total 77824K, used 62793K [0x0000000081c00000, 0x0000000100000000)
  region size 1024K, 27 young (27648K), 4 survivors (4096K)
 Metaspace       used 67184K, capacity 67802K, committed 68172K, reserved 1107968K
  class space    used 8696K, capacity 8924K, committed 9036K, reserved 1048576K
}
Event: 9255.320 GC heap after
{Heap after GC invocations=30 (full 0):
 garbage-first heap   total 77824K, used 40130K [0x0000000081c00000, 0x0000000100000000)
  region size 1024K, 3 young (3072K), 3 survivors (3072K)
 Metaspace       used 67184K, capacity 67802K, committed 68172K, reserved 1107968K
  class space    used 8696K, capacity 8924K, committed 9036K, reserved 1048576K
}
Event: 9255.323 GC heap before
{Heap before GC invocations=30 (full 0):
 garbage-first heap   total 77824K, used 41154K [0x0000000081c00000, 0x0000000100000000)
  region size 1024K, 4 young (4096K), 3 survivors (3072K)
 Metaspace       used 67184K, capacity 67802K, committed 68172K, reserved 1107968K
  class space    used 8696K, capacity 8924K, committed 9036K, reserved 1048576K
}
Event: 9255.329 GC heap after
{Heap after GC invocations=31 (full 0):
 garbage-first heap   total 77824K, used 37738K [0x0000000081c00000, 0x0000000100000000)
  region size 1024K, 1 young (1024K), 1 survivors (1024K)
 Metaspace       used 67184K, capacity 67802K, committed 68172K, reserved 1107968K
  class space    used 8696K, capacity 8924K, committed 9036K, reserved 1048576K
}
Event: 9255.470 GC heap before
{Heap before GC invocations=31 (full 0):
 garbage-first heap   total 77824K, used 62314K [0x0000000081c00000, 0x0000000100000000)
  region size 1024K, 26 young (26624K), 1 survivors (1024K)
 Metaspace       used 67184K, capacity 67802K, committed 68172K, reserved 1107968K
  class space    used 8696K, capacity 8924K, committed 9036K, reserved 1048576K
}
Event: 9255.472 GC heap after
{Heap after GC invocations=32 (full 0):
 garbage-first heap   total 77824K, used 40051K [0x0000000081c00000, 0x0000000100000000)
  region size 1024K, 3 young (3072K), 3 survivors (3072K)
 Metaspace       used 67184K, capacity 67802K, committed 68172K, reserved 1107968K
  class space    used 8696K, capacity 8924K, committed 9036K, reserved 1048576K
}

Deoptimization events (6 events):
Event: 1.615 Thread 0x0000022e4dce2e90 DEOPT PACKING pc=0x0000022e356f083c sp=0x0000008047efd050
Event: 1.615 Thread 0x0000022e4dce2e90 DEOPT UNPACKING pc=0x0000022e34cce23f sp=0x0000008047efc5a8 mode 0
Event: 4.133 Thread 0x0000022e4dce2e90 DEOPT PACKING pc=0x0000022e356cea42 sp=0x0000008047efd640
Event: 4.133 Thread 0x0000022e4dce2e90 DEOPT UNPACKING pc=0x0000022e34cce23f sp=0x0000008047efcb48 mode 3
Event: 141.402 Thread 0x0000022e4ec1b700 DEOPT PACKING pc=0x0000022e354f714c sp=0x0000008048ffbdf0
Event: 141.402 Thread 0x0000022e4ec1b700 DEOPT UNPACKING pc=0x0000022e34cce23f sp=0x0000008048ffb318 mode 0

Classes unloaded (20 events):
Event: 5966.839 Thread 0x0000022e4bcca930 Unloading class 0x00000001000cec40 'java/lang/invoke/LambdaForm$DMH+0x00000001000cec40'
Event: 5966.839 Thread 0x0000022e4bcca930 Unloading class 0x00000001000cf440 'java/lang/invoke/LambdaForm$DMH+0x00000001000cf440'
Event: 5966.839 Thread 0x0000022e4bcca930 Unloading class 0x00000001000ca440 'jdk/internal/reflect/GeneratedConstructorAccessor1'
Event: 5966.839 Thread 0x0000022e4bcca930 Unloading class 0x00000001000c9840 'java/lang/invoke/LambdaForm$MH+0x00000001000c9840'
Event: 5966.839 Thread 0x0000022e4bcca930 Unloading class 0x00000001000c9440 'java/lang/invoke/LambdaForm$MH+0x00000001000c9440'
Event: 5966.839 Thread 0x0000022e4bcca930 Unloading class 0x00000001000c9040 'java/lang/invoke/LambdaForm$MH+0x00000001000c9040'
Event: 5966.839 Thread 0x0000022e4bcca930 Unloading class 0x00000001000c8c40 'java/lang/invoke/LambdaForm$MH+0x00000001000c8c40'
Event: 5966.839 Thread 0x0000022e4bcca930 Unloading class 0x00000001000c8840 'java/lang/invoke/LambdaForm$MH+0x00000001000c8840'
Event: 5966.839 Thread 0x0000022e4bcca930 Unloading class 0x00000001000c8440 'java/lang/invoke/LambdaForm$MH+0x00000001000c8440'
Event: 5966.839 Thread 0x0000022e4bcca930 Unloading class 0x0000000100063440 'java/lang/invoke/LambdaForm$MH+0x0000000100063440'
Event: 5966.839 Thread 0x0000022e4bcca930 Unloading class 0x0000000100063040 'java/lang/invoke/LambdaForm$MH+0x0000000100063040'
Event: 5966.839 Thread 0x0000022e4bcca930 Unloading class 0x0000000100063840 'java/lang/invoke/LambdaForm$MH+0x0000000100063840'
Event: 5966.839 Thread 0x0000022e4bcca930 Unloading class 0x0000000100064c40 'java/lang/invoke/LambdaForm$MH+0x0000000100064c40'
Event: 5966.839 Thread 0x0000022e4bcca930 Unloading class 0x0000000100065440 'java/lang/invoke/LambdaForm$MH+0x0000000100065440'
Event: 5966.839 Thread 0x0000022e4bcca930 Unloading class 0x0000000100065c40 'java/lang/invoke/LambdaForm$MH+0x0000000100065c40'
Event: 5966.839 Thread 0x0000022e4bcca930 Unloading class 0x0000000100066440 'java/lang/invoke/LambdaForm$MH+0x0000000100066440'
Event: 9255.493 Thread 0x0000022e4bcca930 Unloading class 0x00000001001a7840 'jdk/internal/reflect/GeneratedSerializationConstructorAccessor9'
Event: 9255.493 Thread 0x0000022e4bcca930 Unloading class 0x0000000100145040 'jdk/internal/reflect/GeneratedSerializationConstructorAccessor7'
Event: 9255.493 Thread 0x0000022e4bcca930 Unloading class 0x0000000100145c40 'jdk/internal/reflect/GeneratedSerializationConstructorAccessor6'
Event: 9255.493 Thread 0x0000022e4bcca930 Unloading class 0x0000000100145840 'jdk/internal/reflect/GeneratedSerializationConstructorAccessor5'

Classes redefined (0 events):
No events

Internal exceptions (20 events):
Event: 3555.931 Thread 0x0000022e4ec17d40 Exception <a 'java/io/IOException'{0x00000000876c93d0}> (0x00000000876c93d0) 
thrown [./open/src/hotspot/share/prims/jni.cpp, line 578]
Event: 3556.746 Thread 0x0000022e4ec17d40 Exception <a 'java/io/IOException'{0x00000000876caf00}> (0x00000000876caf00) 
thrown [./open/src/hotspot/share/prims/jni.cpp, line 578]
Event: 3556.747 Thread 0x0000022e4ec17d40 Exception <a 'java/io/IOException'{0x00000000876cb810}> (0x00000000876cb810) 
thrown [./open/src/hotspot/share/prims/jni.cpp, line 578]
Event: 3572.032 Thread 0x0000022e4ec17d40 Exception <a 'java/io/IOException'{0x00000000858f5228}> (0x00000000858f5228) 
thrown [./open/src/hotspot/share/prims/jni.cpp, line 578]
Event: 5320.265 Thread 0x0000022e4ec186e0 Exception <a 'java/net/SocketException'{0x00000000863bec18}: Connection reset by peer: shutdown> (0x00000000863bec18) 
thrown [./open/src/hotspot/share/prims/jni.cpp, line 599]
Event: 5323.669 Thread 0x0000022e4ec186e0 Exception <a 'java/io/IOException'{0x00000000863c0478}> (0x00000000863c0478) 
thrown [./open/src/hotspot/share/prims/jni.cpp, line 578]
Event: 5324.564 Thread 0x0000022e4ec186e0 Exception <a 'java/net/SocketException'{0x00000000863c2250}: Connection reset by peer: shutdown> (0x00000000863c2250) 
thrown [./open/src/hotspot/share/prims/jni.cpp, line 599]
Event: 5328.684 Thread 0x0000022e4ec186e0 Exception <a 'java/io/IOException'{0x00000000863c3ab0}> (0x00000000863c3ab0) 
thrown [./open/src/hotspot/share/prims/jni.cpp, line 578]
Event: 5344.544 Thread 0x0000022e4ec17d40 Exception <a 'java/net/SocketException'{0x0000000084ff88a0}: Connection reset by peer: shutdown> (0x0000000084ff88a0) 
thrown [./open/src/hotspot/share/prims/jni.cpp, line 599]
Event: 5344.711 Thread 0x0000022e4ec17d40 Exception <a 'java/net/SocketException'{0x0000000087626548}: Connection reset by peer: shutdown> (0x0000000087626548) 
thrown [./open/src/hotspot/share/prims/jni.cpp, line 599]
Event: 9255.251 Thread 0x0000022e4ec18bb0 Exception <a 'java/io/IOException'{0x0000000085efbf78}> (0x0000000085efbf78) 
thrown [./open/src/hotspot/share/prims/jni.cpp, line 578]
Event: 9255.251 Thread 0x0000022e4ec18bb0 Exception <a 'java/io/IOException'{0x0000000085efc888}> (0x0000000085efc888) 
thrown [./open/src/hotspot/share/prims/jni.cpp, line 578]
Event: 9255.252 Thread 0x0000022e4ec18bb0 Exception <a 'sun/net/ConnectionResetException'{0x0000000085d07dd0}: Connection reset> (0x0000000085d07dd0) 
thrown [./open/src/hotspot/share/prims/jni.cpp, line 599]
Event: 9255.253 Thread 0x0000022e4ec18bb0 Exception <a 'java/io/IOException'{0x0000000085d09ba0}> (0x0000000085d09ba0) 
thrown [./open/src/hotspot/share/prims/jni.cpp, line 578]
Event: 9255.253 Thread 0x0000022e4ec18bb0 Exception <a 'java/net/SocketException'{0x0000000085d0b920}: Connection reset by peer: shutdown> (0x0000000085d0b920) 
thrown [./open/src/hotspot/share/prims/jni.cpp, line 599]
Event: 9255.254 Thread 0x0000022e4ec18bb0 Exception <a 'java/io/IOException'{0x0000000085d0d128}> (0x0000000085d0d128) 
thrown [./open/src/hotspot/share/prims/jni.cpp, line 578]
Event: 9255.254 Thread 0x0000022e4ec18bb0 Exception <a 'java/io/IOException'{0x0000000085d31fb0}> (0x0000000085d31fb0) 
thrown [./open/src/hotspot/share/prims/jni.cpp, line 578]
Event: 9255.254 Thread 0x0000022e4ec18bb0 Exception <a 'java/io/IOException'{0x0000000085d33d80}> (0x0000000085d33d80) 
thrown [./open/src/hotspot/share/prims/jni.cpp, line 578]
Event: 9255.255 Thread 0x0000022e4ec18bb0 Exception <a 'java/io/IOException'{0x0000000085d37010}> (0x0000000085d37010) 
thrown [./open/src/hotspot/share/prims/jni.cpp, line 578]
Event: 9255.255 Thread 0x0000022e4ec18bb0 Exception <a 'java/io/IOException'{0x0000000085d37920}> (0x0000000085d37920) 
thrown [./open/src/hotspot/share/prims/jni.cpp, line 578]

Events (20 events):
Event: 5633.281 Executing VM operation: HandshakeAllThreads done
Event: 5794.521 loading class java/util/concurrent/ConcurrentLinkedQueue$Itr
Event: 5794.524 loading class java/util/concurrent/ConcurrentLinkedQueue$Itr done
Event: 5966.739 Executing VM operation: G1CollectForAllocation
Event: 5966.746 Executing VM operation: G1CollectForAllocation done
Event: 5966.836 Executing VM operation: G1Concurrent
Event: 5966.922 Executing VM operation: G1Concurrent done
Event: 5966.959 Executing VM operation: G1Concurrent
Event: 5966.969 Executing VM operation: G1Concurrent done
Event: 9248.125 Executing VM operation: HandshakeAllThreads
Event: 9248.126 Executing VM operation: HandshakeAllThreads done
Event: 9255.250 Thread 0x0000022e4ec18bb0 Thread added: 0x0000022e4ec18bb0
Event: 9255.250 Thread 0x0000022e4ec17d40 Thread added: 0x0000022e4ec17d40
Event: 9255.317 Executing VM operation: G1CollectForAllocation
Event: 9255.320 Executing VM operation: G1CollectForAllocation done
Event: 9255.323 Executing VM operation: G1CollectForAllocation
Event: 9255.329 Executing VM operation: G1CollectForAllocation done
Event: 9255.470 Executing VM operation: G1CollectForAllocation
Event: 9255.472 Executing VM operation: G1CollectForAllocation done
Event: 9255.491 Executing VM operation: G1Concurrent


Dynamic libraries:
0x00007ff622de0000 - 0x00007ff622ded000 	E:\dow\sts-4.9.0.RELEASE\plugins\org.eclipse.justj.openjdk.hotspot.jre.full.win32.x86_64_15.0.1.v20201027-0507\jre\bin\javaw.exe
0x00007ffc87ff0000 - 0x00007ffc881e5000 	C:\WINDOWS\SYSTEM32\ntdll.dll
0x00007ffc86240000 - 0x00007ffc862fd000 	C:\WINDOWS\System32\KERNEL32.DLL
0x00007ffc85d80000 - 0x00007ffc86048000 	C:\WINDOWS\System32\KERNELBASE.dll
0x00007ffc85910000 - 0x00007ffc85a10000 	C:\WINDOWS\System32\ucrtbase.dll
0x00007ffc5d600000 - 0x00007ffc5d618000 	E:\dow\sts-4.9.0.RELEASE\plugins\org.eclipse.justj.openjdk.hotspot.jre.full.win32.x86_64_15.0.1.v20201027-0507\jre\bin\jli.dll
0x00007ffc87620000 - 0x00007ffc877c0000 	C:\WINDOWS\System32\USER32.dll
0x00007ffc85890000 - 0x00007ffc858b2000 	C:\WINDOWS\System32\win32u.dll
0x00007ffc866e0000 - 0x00007ffc8670a000 	C:\WINDOWS\System32\GDI32.dll
0x00007ffc85c10000 - 0x00007ffc85d1b000 	C:\WINDOWS\System32\gdi32full.dll
0x00007ffc85a90000 - 0x00007ffc85b2d000 	C:\WINDOWS\System32\msvcp_win.dll
0x00007ffc43430000 - 0x00007ffc43449000 	E:\dow\sts-4.9.0.RELEASE\plugins\org.eclipse.justj.openjdk.hotspot.jre.full.win32.x86_64_15.0.1.v20201027-0507\jre\bin\VCRUNTIME140.dll
0x00007ffc5e260000 - 0x00007ffc5e4fa000 	C:\WINDOWS\WinSxS\amd64_microsoft.windows.common-controls_6595b64144ccf1df_6.0.19041.844_none_ca00b6081b84eb1d\COMCTL32.dll
0x00007ffc872b0000 - 0x00007ffc8734e000 	C:\WINDOWS\System32\msvcrt.dll
0x00007ffc87220000 - 0x00007ffc87250000 	C:\WINDOWS\System32\IMM32.DLL
0x00007ffc5d750000 - 0x00007ffc5d75c000 	E:\dow\sts-4.9.0.RELEASE\plugins\org.eclipse.justj.openjdk.hotspot.jre.full.win32.x86_64_15.0.1.v20201027-0507\jre\bin\vcruntime140_1.dll
0x00007ffc31ee0000 - 0x00007ffc31f71000 	E:\dow\sts-4.9.0.RELEASE\plugins\org.eclipse.justj.openjdk.hotspot.jre.full.win32.x86_64_15.0.1.v20201027-0507\jre\bin\msvcp140.dll
0x00007ffc35a50000 - 0x00007ffc365ae000 	E:\dow\sts-4.9.0.RELEASE\plugins\org.eclipse.justj.openjdk.hotspot.jre.full.win32.x86_64_15.0.1.v20201027-0507\jre\bin\server\jvm.dll
0x00007ffc87000000 - 0x00007ffc870ac000 	C:\WINDOWS\System32\ADVAPI32.dll
0x00007ffc87830000 - 0x00007ffc878cb000 	C:\WINDOWS\System32\sechost.dll
0x00007ffc87e80000 - 0x00007ffc87fab000 	C:\WINDOWS\System32\RPCRT4.dll
0x00007ffc867c0000 - 0x00007ffc867c8000 	C:\WINDOWS\System32\PSAPI.DLL
0x00007ffc80070000 - 0x00007ffc80079000 	C:\WINDOWS\SYSTEM32\WSOCK32.dll
0x00007ffc6fb40000 - 0x00007ffc6fb67000 	C:\WINDOWS\SYSTEM32\WINMM.dll
0x00007ffc877c0000 - 0x00007ffc8782b000 	C:\WINDOWS\System32\WS2_32.dll
0x00007ffc7e120000 - 0x00007ffc7e12a000 	C:\WINDOWS\SYSTEM32\VERSION.dll
0x00007ffc84030000 - 0x00007ffc84042000 	C:\WINDOWS\SYSTEM32\kernel.appcore.dll
0x00007ffc7f6f0000 - 0x00007ffc7f6fa000 	E:\dow\sts-4.9.0.RELEASE\plugins\org.eclipse.justj.openjdk.hotspot.jre.full.win32.x86_64_15.0.1.v20201027-0507\jre\bin\jimage.dll
0x00007ffc83d20000 - 0x00007ffc83f04000 	C:\WINDOWS\SYSTEM32\DBGHELP.DLL
0x00007ffc6bba0000 - 0x00007ffc6bbcc000 	C:\WINDOWS\SYSTEM32\dbgcore.DLL
0x00007ffc85a10000 - 0x00007ffc85a90000 	C:\WINDOWS\System32\bcryptPrimitives.dll
0x00007ffc7f6c0000 - 0x00007ffc7f6e5000 	E:\dow\sts-4.9.0.RELEASE\plugins\org.eclipse.justj.openjdk.hotspot.jre.full.win32.x86_64_15.0.1.v20201027-0507\jre\bin\java.dll
0x00007ffc7f6a0000 - 0x00007ffc7f6b8000 	E:\dow\sts-4.9.0.RELEASE\plugins\org.eclipse.justj.openjdk.hotspot.jre.full.win32.x86_64_15.0.1.v20201027-0507\jre\bin\zip.dll
0x00007ffc868a0000 - 0x00007ffc86fe2000 	C:\WINDOWS\System32\SHELL32.dll
0x00007ffc834c0000 - 0x00007ffc83c50000 	C:\WINDOWS\SYSTEM32\windows.storage.dll
0x00007ffc86380000 - 0x00007ffc866d5000 	C:\WINDOWS\System32\combase.dll
0x00007ffc850d0000 - 0x00007ffc850fc000 	C:\WINDOWS\SYSTEM32\Wldp.dll
0x00007ffc87170000 - 0x00007ffc8721e000 	C:\WINDOWS\System32\SHCORE.dll
0x00007ffc87250000 - 0x00007ffc872a5000 	C:\WINDOWS\System32\shlwapi.dll
0x00007ffc85670000 - 0x00007ffc8568f000 	C:\WINDOWS\SYSTEM32\profapi.dll
0x00007ffc7f680000 - 0x00007ffc7f699000 	E:\dow\sts-4.9.0.RELEASE\plugins\org.eclipse.justj.openjdk.hotspot.jre.full.win32.x86_64_15.0.1.v20201027-0507\jre\bin\net.dll
0x00007ffc714e0000 - 0x00007ffc715eb000 	C:\WINDOWS\SYSTEM32\WINHTTP.dll
0x00007ffc84e40000 - 0x00007ffc84eaa000 	C:\WINDOWS\system32\mswsock.dll
0x00007ffc6ab60000 - 0x00007ffc6ab72000 	E:\dow\sts-4.9.0.RELEASE\plugins\org.eclipse.justj.openjdk.hotspot.jre.full.win32.x86_64_15.0.1.v20201027-0507\jre\bin\nio.dll
0x00007ffc5d5f0000 - 0x00007ffc5d5f9000 	E:\dow\sts-4.9.0.RELEASE\plugins\org.eclipse.justj.openjdk.hotspot.jre.full.win32.x86_64_15.0.1.v20201027-0507\jre\bin\management.dll
0x00007ffc59550000 - 0x00007ffc5955b000 	E:\dow\sts-4.9.0.RELEASE\plugins\org.eclipse.justj.openjdk.hotspot.jre.full.win32.x86_64_15.0.1.v20201027-0507\jre\bin\management_ext.dll
0x00007ffc67c90000 - 0x00007ffc67ca7000 	C:\WINDOWS\system32\napinsp.dll
0x00007ffc676e0000 - 0x00007ffc676fb000 	C:\WINDOWS\system32\pnrpnsp.dll
0x00007ffc80440000 - 0x00007ffc80455000 	C:\WINDOWS\system32\wshbth.dll
0x00007ffc80d70000 - 0x00007ffc80d8d000 	C:\WINDOWS\system32\NLAapi.dll
0x00007ffc84b30000 - 0x00007ffc84b6b000 	C:\WINDOWS\SYSTEM32\IPHLPAPI.DLL
0x00007ffc84b70000 - 0x00007ffc84c3c000 	C:\WINDOWS\SYSTEM32\DNSAPI.dll
0x00007ffc878d0000 - 0x00007ffc878d8000 	C:\WINDOWS\System32\NSI.dll
0x00007ffc676c0000 - 0x00007ffc676d2000 	C:\WINDOWS\System32\winrnr.dll
0x00007ffc6f920000 - 0x00007ffc6f92a000 	C:\Windows\System32\rasadhlp.dll
0x00007ffc702e0000 - 0x00007ffc7035f000 	C:\WINDOWS\System32\fwpuclnt.dll
0x00007ffc85be0000 - 0x00007ffc85c07000 	C:\WINDOWS\System32\bcrypt.dll
0x00007ffc85010000 - 0x00007ffc85028000 	C:\WINDOWS\SYSTEM32\CRYPTSP.dll
0x00007ffc847e0000 - 0x00007ffc84814000 	C:\WINDOWS\system32\rsaenh.dll
0x00007ffc85630000 - 0x00007ffc8565e000 	C:\WINDOWS\SYSTEM32\USERENV.dll
0x00007ffc85030000 - 0x00007ffc8503c000 	C:\WINDOWS\SYSTEM32\CRYPTBASE.dll
0x00007ffc7d440000 - 0x00007ffc7d457000 	C:\WINDOWS\SYSTEM32\dhcpcsvc6.DLL
0x00007ffc7d690000 - 0x00007ffc7d6ad000 	C:\WINDOWS\SYSTEM32\dhcpcsvc.DLL
0x00007ffc7f5d0000 - 0x00007ffc7f5e0000 	E:\dow\sts-4.9.0.RELEASE\plugins\org.eclipse.justj.openjdk.hotspot.jre.full.win32.x86_64_15.0.1.v20201027-0507\jre\bin\verify.dll
0x00007ffc82b40000 - 0x00007ffc82b4d000 	E:\dow\sts-4.9.0.RELEASE\plugins\org.eclipse.justj.openjdk.hotspot.jre.full.win32.x86_64_15.0.1.v20201027-0507\jre\bin\sunmscapi.dll
0x00007ffc85730000 - 0x00007ffc8588f000 	C:\WINDOWS\System32\CRYPT32.dll
0x00007ffc85140000 - 0x00007ffc85167000 	C:\WINDOWS\SYSTEM32\ncrypt.dll
0x00007ffc85100000 - 0x00007ffc8513b000 	C:\WINDOWS\SYSTEM32\NTASN1.dll

dbghelp: loaded successfully - version: 4.0.5 - missing functions: none
symbol engine: initialized successfully - sym options: 0x614 - pdb path: .;E:\dow\sts-4.9.0.RELEASE\plugins\org.eclipse.justj.openjdk.hotspot.jre.full.win32.x86_64_15.0.1.v20201027-0507\jre\bin;C:\WINDOWS\SYSTEM32;C:\WINDOWS\WinSxS\amd64_microsoft.windows.common-controls_6595b64144ccf1df_6.0.19041.844_none_ca00b6081b84eb1d;E:\dow\sts-4.9.0.RELEASE\plugins\org.eclipse.justj.openjdk.hotspot.jre.full.win32.x86_64_15.0.1.v20201027-0507\jre\bin\server

VM Arguments:
jvm_args: -Dcom.sun.management.jmxremote -Dcom.sun.management.jmxremote.port=49796 -Dcom.sun.management.jmxremote.authenticate=false -Dcom.sun.management.jmxremote.ssl=false -Djava.rmi.server.hostname=localhost -Dspring.jmx.enabled=true -Dspring.application.admin.enabled=true -XX:TieredStopAtLevel=1 -Dspring.boot.project.name=angularwithspring -Dfile.encoding=UTF-8 -XX:+ShowCodeDetailsInExceptionMessages 
java_command: Angular.demo.AngularApplication --spring.output.ansi.enabled=always
java_class_path (initial): E:\dow\Angularwithspring\angularwithspring\target\classes;C:\Users\P.MANJUNATH\.m2\repository\org\springframework\boot\spring-boot-starter-data-jpa\2.5.1\spring-boot-starter-data-jpa-2.5.1.jar;C:\Users\P.MANJUNATH\.m2\repository\org\springframework\boot\spring-boot-starter-aop\2.5.1\spring-boot-starter-aop-2.5.1.jar;C:\Users\P.MANJUNATH\.m2\repository\org\springframework\spring-aop\5.3.8\spring-aop-5.3.8.jar;C:\Users\P.MANJUNATH\.m2\repository\org\aspectj\aspectjweaver\1.9.6\aspectjweaver-1.9.6.jar;C:\Users\P.MANJUNATH\.m2\repository\org\springframework\boot\spring-boot-starter-jdbc\2.5.1\spring-boot-starter-jdbc-2.5.1.jar;C:\Users\P.MANJUNATH\.m2\repository\com\zaxxer\HikariCP\4.0.3\HikariCP-4.0.3.jar;C:\Users\P.MANJUNATH\.m2\repository\org\springframework\spring-jdbc\5.3.8\spring-jdbc-5.3.8.jar;C:\Users\P.MANJUNATH\.m2\repository\jakarta\transaction\jakarta.transaction-api\1.3.3\jakarta.transaction-api-1.3.3.jar;C:\Users\P.MANJUNATH\.m2\repository\jakarta\persistence\jakarta.persistence-api\2.2.3\jakarta.persistence-api-2.2.3.jar;C:\Users\P.MANJUNATH\.m2\repository\org\hibernate\hibernate-core\5.4.32.Final\hibernate-core-5.4.32.Final.jar;C:\Users\P.MANJUNATH\.m2\repository\org\jboss\logging\jboss-logging\3.4.2.Final\jboss-logging-3.4.2.Final.jar;C:\Users\P.MANJUNATH\.m2\repository\org\javassist\javassist\3.27.0-GA\javassist-3.27.0-GA.jar;C:\Users\P.MANJUNATH\.m2\repository\net\bytebuddy\byte-buddy\1.10.22\byte-buddy-1.10.22.jar;C:\Users\P.MANJUNATH\.m2\repository\antlr\antlr\2.7.7\antlr-2.7.7.jar;C:\Users\P.MANJUNATH\.m2\repository\org\jboss\jandex\2.2.3.Final\jandex-2.2.3.Final.jar;C:\Users\P.MANJUNATH\.m2\repository\com\fasterxml\classmate\1.5.1\classmate-1.5.1.jar;C:\Users\P.MANJUNATH\.m2\repository\org\dom4j\dom4j\2.1.3\dom4j-2.1.3.jar;C:\Users\P.MANJUNATH\.m2\repository\org\hibernate\common\hibernate-commons-annotations\5.1.2.Final\hibernate-commons-annotations-5.1.2.Final.jar;C:\Users\P.MANJUNATH\.m2\repository\org\glassfish\jaxb
Launcher Type: SUN_STANDARD

[Global flags]
     intx CICompilerCount                          = 4                                         {product} {ergonomic}
     uint ConcGCThreads                            = 2                                         {product} {ergonomic}
     uint G1ConcRefinementThreads                  = 8                                         {product} {ergonomic}
   size_t G1HeapRegionSize                         = 1048576                                   {product} {ergonomic}
    uintx GCDrainStackTargetSize                   = 64                                        {product} {ergonomic}
   size_t InitialHeapSize                          = 134217728                                 {product} {ergonomic}
     bool ManagementServer                         = true                                      {product} {command line}
   size_t MarkStackSize                            = 4194304                                   {product} {ergonomic}
   size_t MaxHeapSize                              = 2118123520                                {product} {ergonomic}
   size_t MaxNewSize                               = 1270874112                                {product} {ergonomic}
   size_t MinHeapDeltaBytes                        = 1048576                                   {product} {ergonomic}
   size_t MinHeapSize                              = 8388608                                   {product} {ergonomic}
    uintx NonNMethodCodeHeapSize                   = 7549744                                {pd product} {ergonomic}
    uintx NonProfiledCodeHeapSize                  = 244108496                              {pd product} {ergonomic}
    uintx ProfiledCodeHeapSize                     = 0                                      {pd product} {ergonomic}
    uintx ReservedCodeCacheSize                    = 251658240                              {pd product} {ergonomic}
     bool SegmentedCodeCache                       = true                                      {product} {ergonomic}
     bool ShowCodeDetailsInExceptionMessages       = true                                   {manageable} {command line}
   size_t SoftMaxHeapSize                          = 2118123520                             {manageable} {ergonomic}
     intx TieredStopAtLevel                        = 1                                         {product} {command line}
     bool UseCompressedClassPointers               = true                                 {lp64_product} {ergonomic}
     bool UseCompressedOops                        = true                                 {lp64_product} {ergonomic}
     bool UseG1GC                                  = true                                      {product} {ergonomic}
     bool UseLargePagesIndividualAllocation        = false                                  {pd product} {ergonomic}

Logging:
Log output configuration:
 #0: stdout all=warning uptime,level,tags
 #1: stderr all=off uptime,level,tags

Environment Variables:
PATH=E:/dow/sts-4.9.0.RELEASE//plugins/org.eclipse.justj.openjdk.hotspot.jre.full.win32.x86_64_15.0.1.v20201027-0507/jre/bin/server;E:/dow/sts-4.9.0.RELEASE//plugins/org.eclipse.justj.openjdk.hotspot.jre.full.win32.x86_64_15.0.1.v20201027-0507/jre/bin;C:\Program Files\Java\jdk-14.0.2\bin;C:\Program Files\Git\cmd;C:\Program Files\nodejs\;%SystemRoot%\system32;%SystemRoot%;%SystemRoot%\System32\Wbem;%SYSTEMROOT%\System32\WindowsPowerShell\v1.0\;%SYSTEMROOT%\System32\OpenSSH\;C:\Program Files\MySQL\MySQL Shell 8.0\bin\;C:\Users\P.MANJUNATH\AppData\Local\Microsoft\WindowsApps;;C:\Users\P.MANJUNATH\AppData\Local\Programs\Microsoft VS Code\bin;C:\Users\P.MANJUNATH\AppData\Roaming\npm;E:\dow\sts-4.9.0.RELEASE;
USERNAME=P.MANJUNATH
OS=Windows_NT
PROCESSOR_IDENTIFIER=Intel64 Family 6 Model 142 Stepping 12, GenuineIntel



---------------  S Y S T E M  ---------------

OS:
 Windows 10 , 64 bit Build 19041 (10.0.19041.928)
OS uptime: 0 days 2:38 hours

CPU: total 8 (initial active 8) (4 cores per cpu, 2 threads per core) family 6 model 142 stepping 12 microcode 0xde, cmov, cx8, fxsr, mmx, sse, sse2, sse3, ssse3, sse4.1, sse4.2, popcnt, vzeroupper, avx, avx2, aes, clmul, erms, 3dnowpref, lzcnt, ht, tsc, tscinvbit, bmi1, bmi2, adx, fma, clflush, clflushopt

Memory: 4k page, system-wide physical 8078M (2315M free)
TotalPageFile size 16782M (AvailPageFile size 9135M)
current process WorkingSet (physical memory assigned to process): 200M, peak: 211M
current process commit charge ("private bytes"): 254M, peak: 254M

vm_info: OpenJDK 64-Bit Server VM (15.0.1+9-18) for windows-amd64 JRE (15.0.1+9-18), built on Sep 15 2020 14:39:31 by "mach5one" with unknown MS VC++:1925

END.
